<?xml version="1.0" encoding="UTF-8"?>
<testsuite name="alex.disco.ball.dao.jpa.integration.JpaPersonServiceTest" tests="11" skipped="0" failures="0" errors="0" timestamp="2020-10-26T12:20:10" hostname="DESKTOP-HSKT15E" time="0.852">
  <properties/>
  <testcase name="deletePositive()" classname="alex.disco.ball.dao.jpa.integration.JpaPersonServiceTest" time="0.521"/>
  <testcase name="deleteNegative()" classname="alex.disco.ball.dao.jpa.integration.JpaPersonServiceTest" time="0.025"/>
  <testcase name="deleteByIdPositive()" classname="alex.disco.ball.dao.jpa.integration.JpaPersonServiceTest" time="0.035"/>
  <testcase name="findAll()" classname="alex.disco.ball.dao.jpa.integration.JpaPersonServiceTest" time="0.064"/>
  <testcase name="update()" classname="alex.disco.ball.dao.jpa.integration.JpaPersonServiceTest" time="0.026"/>
  <testcase name="deleteByIdNegative()" classname="alex.disco.ball.dao.jpa.integration.JpaPersonServiceTest" time="0.022"/>
  <testcase name="findById()" classname="alex.disco.ball.dao.jpa.integration.JpaPersonServiceTest" time="0.018"/>
  <testcase name="updateName()" classname="alex.disco.ball.dao.jpa.integration.JpaPersonServiceTest" time="0.048"/>
  <testcase name="save()" classname="alex.disco.ball.dao.jpa.integration.JpaPersonServiceTest" time="0.043"/>
  <testcase name="count()" classname="alex.disco.ball.dao.jpa.integration.JpaPersonServiceTest" time="0.018"/>
  <testcase name="findByIdNegative()" classname="alex.disco.ball.dao.jpa.integration.JpaPersonServiceTest" time="0.017"/>
  <system-out><![CDATA[INFO  o.s.t.c.s.DefaultTestContextBootstrapper - Loaded default TestExecutionListener class names from location [META-INF/spring.factories]: [org.springframework.boot.test.autoconfigure.restdocs.RestDocsTestExecutionListener, org.springframework.boot.test.autoconfigure.web.client.MockRestServiceServerResetTestExecutionListener, org.springframework.boot.test.autoconfigure.web.servlet.MockMvcPrintOnlyOnFailureTestExecutionListener, org.springframework.boot.test.autoconfigure.web.servlet.WebDriverTestExecutionListener, org.springframework.boot.test.autoconfigure.webservices.client.MockWebServiceServerTestExecutionListener, org.springframework.boot.test.mock.mockito.MockitoTestExecutionListener, org.springframework.boot.test.mock.mockito.ResetMocksTestExecutionListener, org.springframework.test.context.web.ServletTestExecutionListener, org.springframework.test.context.support.DirtiesContextBeforeModesTestExecutionListener, org.springframework.test.context.support.DependencyInjectionTestExecutionListener, org.springframework.test.context.support.DirtiesContextTestExecutionListener, org.springframework.test.context.transaction.TransactionalTestExecutionListener, org.springframework.test.context.jdbc.SqlScriptsTestExecutionListener, org.springframework.test.context.event.EventPublishingTestExecutionListener]
INFO  o.s.t.c.s.DefaultTestContextBootstrapper - Using TestExecutionListeners: [org.springframework.test.context.support.DirtiesContextBeforeModesTestExecutionListener@62e28251, org.springframework.boot.test.mock.mockito.MockitoTestExecutionListener@cbc352, org.springframework.test.context.support.DependencyInjectionTestExecutionListener@5b0ade03, org.springframework.test.context.support.DirtiesContextTestExecutionListener@12a2c9b, org.springframework.test.context.transaction.TransactionalTestExecutionListener@77acd6e5, org.springframework.test.context.jdbc.SqlScriptsTestExecutionListener@29235a11, org.springframework.test.context.event.EventPublishingTestExecutionListener@245463f0, org.springframework.boot.test.autoconfigure.restdocs.RestDocsTestExecutionListener@744acd15, org.springframework.boot.test.autoconfigure.web.client.MockRestServiceServerResetTestExecutionListener@65403687, org.springframework.boot.test.autoconfigure.web.servlet.MockMvcPrintOnlyOnFailureTestExecutionListener@56800bec, org.springframework.boot.test.autoconfigure.web.servlet.WebDriverTestExecutionListener@51ccb92f, org.springframework.boot.test.autoconfigure.webservices.client.MockWebServiceServerTestExecutionListener@734ce466, org.springframework.boot.test.mock.mockito.ResetMocksTestExecutionListener@175c1086]
INFO  o.s.d.r.c.RepositoryConfigurationDelegate - Bootstrapping Spring Data JPA repositories in DEFAULT mode.
INFO  o.s.d.r.c.RepositoryConfigurationDelegate - Finished Spring Data repository scanning in 100ms. Found 2 JPA repository interfaces.
INFO  o.s.c.s.PostProcessorRegistrationDelegate$BeanPostProcessorChecker - Bean 'jpaConfig' of type [alex.disco.ball.config.dao.JpaConfig$$EnhancerBySpringCGLIB$$490e8cd3] is not eligible for getting processed by all BeanPostProcessors (for example: not eligible for auto-proxying)
INFO  c.z.h.HikariDataSource - hamsterPool - Starting...
INFO  c.z.h.HikariDataSource - hamsterPool - Start completed.
INFO  o.h.j.i.u.LogHelper - HHH000204: Processing PersistenceUnitInfo [name: default]
INFO  o.h.Version - HHH000412: Hibernate ORM core version 5.4.22.Final
INFO  o.h.c.Environment - HHH000205: Loaded properties from resource hibernate.properties: {hibernate.format_sql=true, hibernate.use_sql_comments=true, hibernate.dialect=org.hibernate.dialect.PostgreSQLDialect, hibernate.connection_pool_size=5, hibernate.hbm2ddl=none, hibernate.bytecode.use_reflection_optimizer=false, hibernate.show_sql=false}
INFO  o.h.a.c.Version - HCANN000001: Hibernate Commons Annotations {5.1.0.Final}
INFO  o.h.d.Dialect - HHH000400: Using dialect: org.hibernate.dialect.PostgreSQLDialect
INFO  o.h.e.t.j.p.i.JtaPlatformInitiator - HHH000490: Using JtaPlatform implementation: [org.hibernate.engine.transaction.jta.platform.internal.NoJtaPlatform]
INFO  o.s.o.j.LocalContainerEntityManagerFactoryBean - Initialized JPA EntityManagerFactory for persistence unit 'default'
]]></system-out>
  <system-err><![CDATA[]]></system-err>
</testsuite>
